  Client.cpp
E:\Xarxes\Taller5\ChatLib\Game.h(327): warning C4244: '=': conversion from 'float' to 'clock_t', possible loss of data
E:\Xarxes\Taller5\ChatLib\Game.h(382): warning C4267: 'argument': conversion from 'size_t' to 'uint32_t', possible loss of data
E:\Xarxes\Taller5\ChatLib\Game.h(500): warning C4267: 'argument': conversion from 'size_t' to 'uint32_t', possible loss of data
Client.cpp(352): warning C4305: 'argument': truncation from 'double' to 'float'
Client.cpp(353): warning C4305: 'argument': truncation from 'double' to 'float'
Client.cpp(354): warning C4305: 'argument': truncation from 'double' to 'float'
Client.cpp(355): warning C4305: 'argument': truncation from 'double' to 'float'
Client.cpp(356): warning C4305: 'argument': truncation from 'double' to 'float'
Client.cpp(791): warning C4244: 'argument': conversion from 'double' to 'float', possible loss of data
Client.cpp(793): warning C4244: 'argument': conversion from 'double' to 'float', possible loss of data
Client.cpp(801): warning C4244: 'argument': conversion from 'int' to 'float', possible loss of data
Client.cpp(805): warning C4244: 'argument': conversion from 'int' to 'float', possible loss of data
Client.cpp(809): warning C4244: 'argument': conversion from 'int' to 'float', possible loss of data
Client.cpp(813): warning C4244: 'argument': conversion from 'int' to 'float', possible loss of data
Client.cpp(514): warning C4101: 'key': unreferenced local variable
  Generating code
  All 868 functions were compiled because no usable IPDB/IOBJ from previous compilation was found.
  Finished generating code
ChatLib.lib(Send.obj) : warning LNK4099: PDB 'ChatLib.pdb' was not found with 'ChatLib.lib(Send.obj)' or at 'E:\Xarxes\Taller5\x64\Release\ChatLib.pdb'; linking object as if no debug info
  Client.vcxproj -> E:\Xarxes\Taller5\x64\Release\Client.exe
  Client.vcxproj -> E:\Xarxes\Taller5\x64\Release\Client.pdb (Full PDB)
